<?xml version="1.0" encoding="UTF-8"?>
<!-- Generated by org.testng.reporters.JUnitXMLReporter -->
<testsuite hostname="LAPTOP-ISKHN4MM" name="ExecuteOn : FF || IB_Registration_TC_001 : Validate registration for the IB" tests="1" failures="0" timestamp="25 May 2020 20:32:57 GMT" time="50.003" errors="0">
  <testcase name="runner_SetUp" time="49.745" classname="Run_Time_xml_Generator.BDD_TestNG_Runner"/>
</testsuite> <!-- ExecuteOn : FF || IB_Registration_TC_001 : Validate registration for the IB -->
