<?xml version="1.0" encoding="UTF-8"?>
<!-- Generated by org.testng.reporters.JUnitXMLReporter -->
<testsuite hostname="LAPTOP-ISKHN4MM" name="ExecuteOn : 0_CHROME || IB_Registration_TC_002 : Validate registration for the IB" tests="1" failures="0" timestamp="26 May 2020 19:19:05 GMT" time="0.965" errors="0">
  <testcase name="runner_SetUp" time="0.461" classname="Run_Time_xml_Generator.BDD_TestNG_Runner"/>
</testsuite> <!-- ExecuteOn : 0_CHROME || IB_Registration_TC_002 : Validate registration for the IB -->
