<?xml version="1.0" encoding="UTF-8"?>
<!-- Generated by org.testng.reporters.JUnitXMLReporter -->
<testsuite hostname="LAPTOP-ISKHN4MM" name="ExecuteOn : 1_FF || IB_Accounts_TC_002 : User views CASA Account Summary for account in Active status" tests="1" failures="0" timestamp="19 May 2020 19:33:32 GMT" time="19.6" errors="0">
  <testcase name="runner_SetUp" time="19.423" classname="Run_Time_xml_Generator.BDD_TestNG_Runner"/>
</testsuite> <!-- ExecuteOn : 1_FF || IB_Accounts_TC_002 : User views CASA Account Summary for account in Active status -->
