<?xml version="1.0" encoding="UTF-8"?>
<!-- Generated by org.testng.reporters.JUnitXMLReporter -->
<testsuite hostname="LAPTOP-ISKHN4MM" name="ExecuteOn : 0_CHROME || IB_Accounts_TC_001 : User views CASA Account Summary" tests="1" failures="0" timestamp="24 May 2020 19:18:50 GMT" time="35.866" errors="0">
  <testcase name="runner_SetUp" time="35.626" classname="Run_Time_xml_Generator.BDD_TestNG_Runner"/>
</testsuite> <!-- ExecuteOn : 0_CHROME || IB_Accounts_TC_001 : User views CASA Account Summary -->
