<?xml version="1.0" encoding="UTF-8"?>
<!-- Generated by org.testng.reporters.JUnitXMLReporter -->
<testsuite hostname="LAPTOP-ISKHN4MM" name="ExecuteOn : CHROME || IB_Accounts_TC_025 : User initiates request for E-statement enrolment by providing the email id(if no email id is registered already)" tests="1" failures="0" timestamp="28 Jul 2020 20:12:34 GMT" time="0.574" errors="0">
  <testcase name="runner_SetUp" time="0.353" classname="Run_Time_xml_Generator.BDD_TestNG_Runner"/>
</testsuite> <!-- ExecuteOn : CHROME || IB_Accounts_TC_025 : User initiates request for E-statement enrolment by providing the email id(if no email id is registered already) -->
