<?xml version="1.0" encoding="UTF-8"?>
<!-- Generated by org.testng.reporters.JUnitXMLReporter -->
<testsuite hostname="LAPTOP-ISKHN4MM" name="ExecuteOn : 0_CHROME || IB_Accounts_TC_002 : User views CASA Account Summary for account in Active status" tests="1" failures="0" timestamp="19 May 2020 19:33:40 GMT" time="27.716" errors="0">
  <testcase name="runner_SetUp" time="27.669" classname="Run_Time_xml_Generator.BDD_TestNG_Runner"/>
</testsuite> <!-- ExecuteOn : 0_CHROME || IB_Accounts_TC_002 : User views CASA Account Summary for account in Active status -->
