<?xml version="1.0" encoding="UTF-8"?>
<!-- Generated by org.testng.reporters.JUnitXMLReporter -->
<testsuite hostname="LAPTOP-ISKHN4MM" name="ExecuteOn : CHROME_80 || IB_Accounts_TC_001 : User views CASA Account Summary" tests="1" failures="0" timestamp="23 Jun 2020 03:43:06 GMT" time="0.688" errors="0">
  <testcase name="runner_SetUp" time="0.375" classname="Run_Time_xml_Generator.BDD_TestNG_Runner"/>
</testsuite> <!-- ExecuteOn : CHROME_80 || IB_Accounts_TC_001 : User views CASA Account Summary -->
