<?xml version="1.0" encoding="UTF-8"?>
<!-- Generated by org.testng.reporters.JUnitXMLReporter -->
<testsuite hostname="LAPTOP-ISKHN4MM" name="ExecuteOn : 0_CHROME || IB_Transfer_TC_001 : Validate other bank transfer" tests="1" failures="0" timestamp="19 May 2020 19:21:56 GMT" time="22.323" errors="0">
  <testcase name="runner_SetUp" time="22.261" classname="Run_Time_xml_Generator.BDD_TestNG_Runner"/>
</testsuite> <!-- ExecuteOn : 0_CHROME || IB_Transfer_TC_001 : Validate other bank transfer -->
