<?xml version="1.0" encoding="UTF-8"?>
<!-- Generated by org.testng.reporters.JUnitXMLReporter -->
<testsuite hostname="LAPTOP-ISKHN4MM" name="ExecuteOn : BS_Samsung_S10 || MB_PreLogin_TC_001 : User Self Registration using Account Number" tests="1" failures="0" timestamp="5 Jul 2020 19:55:23 GMT" time="0.571" errors="0">
  <testcase name="runner_SetUp" time="0.19" classname="Run_Time_xml_Generator.BDD_TestNG_Runner"/>
</testsuite> <!-- ExecuteOn : BS_Samsung_S10 || MB_PreLogin_TC_001 : User Self Registration using Account Number -->
