<?xml version="1.0" encoding="UTF-8"?>
<!-- Generated by org.testng.reporters.JUnitXMLReporter -->
<testsuite hostname="LAPTOP-ISKHN4MM" name="ExecuteOn : 0_CHROME || IB_PreLogin_TC_004 : User Self Registration using Credit Card" tests="1" failures="0" timestamp="31 May 2020 11:35:08 GMT" time="95.906" errors="0">
  <testcase name="runner_SetUp" time="95.492" classname="Run_Time_xml_Generator.BDD_TestNG_Runner"/>
</testsuite> <!-- ExecuteOn : 0_CHROME || IB_PreLogin_TC_004 : User Self Registration using Credit Card -->
