<?xml version="1.0" encoding="UTF-8"?>
<!-- Generated by org.testng.reporters.JUnitXMLReporter -->
<testsuite hostname="LAPTOP-ISKHN4MM" name="ExecuteOn : 0_REDMI_NOTE_5 || MB_Accounts_TC_001 : User views CASA Account Summary" tests="1" failures="0" timestamp="10 May 2020 22:28:27 GMT" time="41.906" errors="0">
  <testcase name="runner_SetUp" time="41.727" classname="Run_Time_xml_Generator.BDD_TestNG_Runner"/>
</testsuite> <!-- ExecuteOn : 0_REDMI_NOTE_5 || MB_Accounts_TC_001 : User views CASA Account Summary -->
