<?xml version="1.0" encoding="UTF-8"?>
<!-- Generated by org.testng.reporters.JUnitXMLReporter -->
<testsuite hostname="LAPTOP-ISKHN4MM" name="ExecuteOn : REDMI_NOTE_5 || MB_Accounts_TC_001 : User views CASA Account Summary" tests="1" failures="0" timestamp="17 May 2020 22:09:50 GMT" time="8.878" errors="0">
  <testcase name="runner_SetUp" time="8.672" classname="Run_Time_xml_Generator.BDD_TestNG_Runner"/>
</testsuite> <!-- ExecuteOn : REDMI_NOTE_5 || MB_Accounts_TC_001 : User views CASA Account Summary -->
