<?xml version="1.0" encoding="UTF-8"?>
<!-- Generated by org.testng.reporters.JUnitXMLReporter -->
<testsuite hostname="LAPTOP-ISKHN4MM" name="ExecuteOn : 1_REDMI_NOTE_5 || MB_Accounts_TC_001 : User views CASA Account Summary" tests="1" failures="0" timestamp="11 May 2020 17:28:37 GMT" time="42.355" errors="0">
  <testcase name="runner_SetUp" time="42.249" classname="Run_Time_xml_Generator.BDD_TestNG_Runner"/>
</testsuite> <!-- ExecuteOn : 1_REDMI_NOTE_5 || MB_Accounts_TC_001 : User views CASA Account Summary -->
