<?xml version="1.0" encoding="UTF-8"?>
<!-- Generated by org.testng.reporters.JUnitXMLReporter -->
<testsuite hostname="LAPTOP-ISKHN4MM" name="ExecuteOn : VIVO_V11 || MB_Accounts_TC_001 : User views CASA Account Summary for account in Active status" tests="1" failures="1" timestamp="1 Jun 2020 19:18:45 GMT" time="0.436" errors="0">
  <testcase name="runner_SetUp" time="0.161" classname="Run_Time_xml_Generator.BDD_TestNG_Runner">
    <failure type="java.lang.NullPointerException">
      <![CDATA[java.lang.NullPointerException
	at Run_Time_xml_Generator.BDD_TestNG_Runner.runner_SetUp(BDD_TestNG_Runner.java:134)
	at java.util.concurrent.FutureTask.run(FutureTask.java:266)
	at java.util.concurrent.ThreadPoolExecutor.runWorker(ThreadPoolExecutor.java:1149)
	at java.util.concurrent.ThreadPoolExecutor$Worker.run(ThreadPoolExecutor.java:624)
	at java.lang.Thread.run(Thread.java:748)
... Removed 16 stack frames]]>
    </failure>
  </testcase> <!-- runner_SetUp -->
</testsuite> <!-- ExecuteOn : VIVO_V11 || MB_Accounts_TC_001 : User views CASA Account Summary for account in Active status -->
