<?xml version="1.0" encoding="UTF-8"?>
<!-- Generated by org.testng.reporters.JUnitXMLReporter -->
<testsuite hostname="LAPTOP-ISKHN4MM" name="ExecuteOn : 0_VIVO_V11 || MB_Accounts_TC_001 : User views CASA Account Summary" tests="1" failures="0" timestamp="11 May 2020 17:28:16 GMT" time="21.024" errors="0">
  <testcase name="runner_SetUp" time="20.817" classname="Run_Time_xml_Generator.BDD_TestNG_Runner"/>
</testsuite> <!-- ExecuteOn : 0_VIVO_V11 || MB_Accounts_TC_001 : User views CASA Account Summary -->
